Traceback (most recent call last):
  File "/Users/jni/conda/envs/all/lib/python3.8/site-packages/jupyter_cache/executors/utils.py", line 51, in single_nb_execution
    executenb(
  File "/Users/jni/conda/envs/all/lib/python3.8/site-packages/nbclient/client.py", line 1087, in execute
    return NotebookClient(nb=nb, resources=resources, km=km, **kwargs).execute()
  File "/Users/jni/conda/envs/all/lib/python3.8/site-packages/nbclient/util.py", line 74, in wrapped
    return just_run(coro(*args, **kwargs))
  File "/Users/jni/conda/envs/all/lib/python3.8/site-packages/nbclient/util.py", line 53, in just_run
    return loop.run_until_complete(coro)
  File "/Users/jni/conda/envs/all/lib/python3.8/asyncio/base_events.py", line 616, in run_until_complete
    return future.result()
  File "/Users/jni/conda/envs/all/lib/python3.8/site-packages/nbclient/client.py", line 540, in async_execute
    await self.async_execute_cell(
  File "/Users/jni/conda/envs/all/lib/python3.8/site-packages/nbclient/client.py", line 832, in async_execute_cell
    self._check_raise_for_error(cell, exec_reply)
  File "/Users/jni/conda/envs/all/lib/python3.8/site-packages/nbclient/client.py", line 740, in _check_raise_for_error
    raise CellExecutionError.from_cell_and_msg(cell, exec_reply['content'])
nbclient.exceptions.CellExecutionError: An error occurred while executing the following cell:
------------------
from skimage import io

image = io.imread('../images/balloon.jpg')

print(type(image))
print(image.dtype)
print(image.shape)
print(image.min(), image.max())

plt.imshow(image);
------------------

[0;31m---------------------------------------------------------------------------[0m
[0;31mFileNotFoundError[0m                         Traceback (most recent call last)
[0;32m<ipython-input-10-35681dfa1cd0>[0m in [0;36m<module>[0;34m[0m
[1;32m      1[0m [0;32mfrom[0m [0mskimage[0m [0;32mimport[0m [0mio[0m[0;34m[0m[0;34m[0m[0m
[1;32m      2[0m [0;34m[0m[0m
[0;32m----> 3[0;31m [0mimage[0m [0;34m=[0m [0mio[0m[0;34m.[0m[0mimread[0m[0;34m([0m[0;34m'../images/balloon.jpg'[0m[0;34m)[0m[0;34m[0m[0;34m[0m[0m
[0m[1;32m      4[0m [0;34m[0m[0m
[1;32m      5[0m [0mprint[0m[0;34m([0m[0mtype[0m[0;34m([0m[0mimage[0m[0;34m)[0m[0;34m)[0m[0;34m[0m[0;34m[0m[0m

[0;32m~/projects/scikit-image/skimage/io/_io.py[0m in [0;36mimread[0;34m(fname, as_gray, plugin, **plugin_args)[0m
[1;32m     46[0m [0;34m[0m[0m
[1;32m     47[0m     [0;32mwith[0m [0mfile_or_url_context[0m[0;34m([0m[0mfname[0m[0;34m)[0m [0;32mas[0m [0mfname[0m[0;34m:[0m[0;34m[0m[0;34m[0m[0m
[0;32m---> 48[0;31m         [0mimg[0m [0;34m=[0m [0mcall_plugin[0m[0;34m([0m[0;34m'imread'[0m[0;34m,[0m [0mfname[0m[0;34m,[0m [0mplugin[0m[0;34m=[0m[0mplugin[0m[0;34m,[0m [0;34m**[0m[0mplugin_args[0m[0;34m)[0m[0;34m[0m[0;34m[0m[0m
[0m[1;32m     49[0m [0;34m[0m[0m
[1;32m     50[0m     [0;32mif[0m [0;32mnot[0m [0mhasattr[0m[0;34m([0m[0mimg[0m[0;34m,[0m [0;34m'ndim'[0m[0;34m)[0m[0;34m:[0m[0;34m[0m[0;34m[0m[0m

[0;32m~/projects/scikit-image/skimage/io/manage_plugins.py[0m in [0;36mcall_plugin[0;34m(kind, *args, **kwargs)[0m
[1;32m    205[0m                                (plugin, kind))
[1;32m    206[0m [0;34m[0m[0m
[0;32m--> 207[0;31m     [0;32mreturn[0m [0mfunc[0m[0;34m([0m[0;34m*[0m[0margs[0m[0;34m,[0m [0;34m**[0m[0mkwargs[0m[0;34m)[0m[0;34m[0m[0;34m[0m[0m
[0m[1;32m    208[0m [0;34m[0m[0m
[1;32m    209[0m [0;34m[0m[0m

[0;32m~/projects/scikit-image/skimage/io/_plugins/imageio_plugin.py[0m in [0;36mimread[0;34m(*args, **kwargs)[0m
[1;32m      8[0m [0;34m@[0m[0mwraps[0m[0;34m([0m[0mimageio_imread[0m[0;34m)[0m[0;34m[0m[0;34m[0m[0m
[1;32m      9[0m [0;32mdef[0m [0mimread[0m[0;34m([0m[0;34m*[0m[0margs[0m[0;34m,[0m [0;34m**[0m[0mkwargs[0m[0;34m)[0m[0;34m:[0m[0;34m[0m[0;34m[0m[0m
[0;32m---> 10[0;31m     [0;32mreturn[0m [0mnp[0m[0;34m.[0m[0masarray[0m[0;34m([0m[0mimageio_imread[0m[0;34m([0m[0;34m*[0m[0margs[0m[0;34m,[0m [0;34m**[0m[0mkwargs[0m[0;34m)[0m[0;34m)[0m[0;34m[0m[0;34m[0m[0m
[0m
[0;32m~/conda/envs/all/lib/python3.8/site-packages/imageio/core/functions.py[0m in [0;36mimread[0;34m(uri, format, **kwargs)[0m
[1;32m    263[0m [0;34m[0m[0m
[1;32m    264[0m     [0;31m# Get reader and read first[0m[0;34m[0m[0;34m[0m[0;34m[0m[0m
[0;32m--> 265[0;31m     [0mreader[0m [0;34m=[0m [0mread[0m[0;34m([0m[0muri[0m[0;34m,[0m [0mformat[0m[0;34m,[0m [0;34m"i"[0m[0;34m,[0m [0;34m**[0m[0mkwargs[0m[0;34m)[0m[0;34m[0m[0;34m[0m[0m
[0m[1;32m    266[0m     [0;32mwith[0m [0mreader[0m[0;34m:[0m[0;34m[0m[0;34m[0m[0m
[1;32m    267[0m         [0;32mreturn[0m [0mreader[0m[0;34m.[0m[0mget_data[0m[0;34m([0m[0;36m0[0m[0;34m)[0m[0;34m[0m[0;34m[0m[0m

[0;32m~/conda/envs/all/lib/python3.8/site-packages/imageio/core/functions.py[0m in [0;36mget_reader[0;34m(uri, format, mode, **kwargs)[0m
[1;32m    170[0m [0;34m[0m[0m
[1;32m    171[0m     [0;31m# Create request object[0m[0;34m[0m[0;34m[0m[0;34m[0m[0m
[0;32m--> 172[0;31m     [0mrequest[0m [0;34m=[0m [0mRequest[0m[0;34m([0m[0muri[0m[0;34m,[0m [0;34m"r"[0m [0;34m+[0m [0mmode[0m[0;34m,[0m [0;34m**[0m[0mkwargs[0m[0;34m)[0m[0;34m[0m[0;34m[0m[0m
[0m[1;32m    173[0m [0;34m[0m[0m
[1;32m    174[0m     [0;31m# Get format[0m[0;34m[0m[0;34m[0m[0;34m[0m[0m

[0;32m~/conda/envs/all/lib/python3.8/site-packages/imageio/core/request.py[0m in [0;36m__init__[0;34m(self, uri, mode, **kwargs)[0m
[1;32m    119[0m [0;34m[0m[0m
[1;32m    120[0m         [0;31m# Parse what was given[0m[0;34m[0m[0;34m[0m[0;34m[0m[0m
[0;32m--> 121[0;31m         [0mself[0m[0;34m.[0m[0m_parse_uri[0m[0;34m([0m[0muri[0m[0;34m)[0m[0;34m[0m[0;34m[0m[0m
[0m[1;32m    122[0m [0;34m[0m[0m
[1;32m    123[0m         [0;31m# Set extension[0m[0;34m[0m[0;34m[0m[0;34m[0m[0m

[0;32m~/conda/envs/all/lib/python3.8/site-packages/imageio/core/request.py[0m in [0;36m_parse_uri[0;34m(self, uri)[0m
[1;32m    255[0m                 [0;31m# Reading: check that the file exists (but is allowed a dir)[0m[0;34m[0m[0;34m[0m[0;34m[0m[0m
[1;32m    256[0m                 [0;32mif[0m [0;32mnot[0m [0mos[0m[0;34m.[0m[0mpath[0m[0;34m.[0m[0mexists[0m[0;34m([0m[0mfn[0m[0;34m)[0m[0;34m:[0m[0;34m[0m[0;34m[0m[0m
[0;32m--> 257[0;31m                     [0;32mraise[0m [0mFileNotFoundError[0m[0;34m([0m[0;34m"No such file: '%s'"[0m [0;34m%[0m [0mfn[0m[0;34m)[0m[0;34m[0m[0;34m[0m[0m
[0m[1;32m    258[0m             [0;32melse[0m[0;34m:[0m[0;34m[0m[0;34m[0m[0m
[1;32m    259[0m                 [0;31m# Writing: check that the directory to write to does exist[0m[0;34m[0m[0;34m[0m[0;34m[0m[0m

[0;31mFileNotFoundError[0m: No such file: '/Users/jni/projects/i2k-skimage-napari/images/balloon.jpg'
FileNotFoundError: No such file: '/Users/jni/projects/i2k-skimage-napari/images/balloon.jpg'

