Traceback (most recent call last):
  File "/Users/jni/conda/envs/all/lib/python3.8/site-packages/jupyter_cache/executors/utils.py", line 51, in single_nb_execution
    executenb(
  File "/Users/jni/conda/envs/all/lib/python3.8/site-packages/nbclient/client.py", line 1087, in execute
    return NotebookClient(nb=nb, resources=resources, km=km, **kwargs).execute()
  File "/Users/jni/conda/envs/all/lib/python3.8/site-packages/nbclient/util.py", line 74, in wrapped
    return just_run(coro(*args, **kwargs))
  File "/Users/jni/conda/envs/all/lib/python3.8/site-packages/nbclient/util.py", line 53, in just_run
    return loop.run_until_complete(coro)
  File "/Users/jni/conda/envs/all/lib/python3.8/asyncio/base_events.py", line 616, in run_until_complete
    return future.result()
  File "/Users/jni/conda/envs/all/lib/python3.8/site-packages/nbclient/client.py", line 540, in async_execute
    await self.async_execute_cell(
  File "/Users/jni/conda/envs/all/lib/python3.8/site-packages/nbclient/client.py", line 832, in async_execute_cell
    self._check_raise_for_error(cell, exec_reply)
  File "/Users/jni/conda/envs/all/lib/python3.8/site-packages/nbclient/client.py", line 740, in _check_raise_for_error
    raise CellExecutionError.from_cell_and_msg(cell, exec_reply['content'])
nbclient.exceptions.CellExecutionError: An error occurred while executing the following cell:
------------------
nuclei = io.imread('../images/cells.tif')
membranes = io.imread('../images/cells_membrane.tif')

print("shape: {}".format(nuclei.shape))
print("dtype: {}".format(nuclei.dtype))
print("range: ({}, {})".format(np.min(nuclei), np.max(nuclei)))
------------------

[0;31m---------------------------------------------------------------------------[0m
[0;31mFileNotFoundError[0m                         Traceback (most recent call last)
[0;32m<ipython-input-4-be338c7c6cd3>[0m in [0;36m<module>[0;34m[0m
[0;32m----> 1[0;31m [0mnuclei[0m [0;34m=[0m [0mio[0m[0;34m.[0m[0mimread[0m[0;34m([0m[0;34m'../images/cells.tif'[0m[0;34m)[0m[0;34m[0m[0;34m[0m[0m
[0m[1;32m      2[0m [0mmembranes[0m [0;34m=[0m [0mio[0m[0;34m.[0m[0mimread[0m[0;34m([0m[0;34m'../images/cells_membrane.tif'[0m[0;34m)[0m[0;34m[0m[0;34m[0m[0m
[1;32m      3[0m [0;34m[0m[0m
[1;32m      4[0m [0mprint[0m[0;34m([0m[0;34m"shape: {}"[0m[0;34m.[0m[0mformat[0m[0;34m([0m[0mnuclei[0m[0;34m.[0m[0mshape[0m[0;34m)[0m[0;34m)[0m[0;34m[0m[0;34m[0m[0m
[1;32m      5[0m [0mprint[0m[0;34m([0m[0;34m"dtype: {}"[0m[0;34m.[0m[0mformat[0m[0;34m([0m[0mnuclei[0m[0;34m.[0m[0mdtype[0m[0;34m)[0m[0;34m)[0m[0;34m[0m[0;34m[0m[0m

[0;32m~/projects/scikit-image/skimage/io/_io.py[0m in [0;36mimread[0;34m(fname, as_gray, plugin, **plugin_args)[0m
[1;32m     46[0m [0;34m[0m[0m
[1;32m     47[0m     [0;32mwith[0m [0mfile_or_url_context[0m[0;34m([0m[0mfname[0m[0;34m)[0m [0;32mas[0m [0mfname[0m[0;34m:[0m[0;34m[0m[0;34m[0m[0m
[0;32m---> 48[0;31m         [0mimg[0m [0;34m=[0m [0mcall_plugin[0m[0;34m([0m[0;34m'imread'[0m[0;34m,[0m [0mfname[0m[0;34m,[0m [0mplugin[0m[0;34m=[0m[0mplugin[0m[0;34m,[0m [0;34m**[0m[0mplugin_args[0m[0;34m)[0m[0;34m[0m[0;34m[0m[0m
[0m[1;32m     49[0m [0;34m[0m[0m
[1;32m     50[0m     [0;32mif[0m [0;32mnot[0m [0mhasattr[0m[0;34m([0m[0mimg[0m[0;34m,[0m [0;34m'ndim'[0m[0;34m)[0m[0;34m:[0m[0;34m[0m[0;34m[0m[0m

[0;32m~/projects/scikit-image/skimage/io/manage_plugins.py[0m in [0;36mcall_plugin[0;34m(kind, *args, **kwargs)[0m
[1;32m    205[0m                                (plugin, kind))
[1;32m    206[0m [0;34m[0m[0m
[0;32m--> 207[0;31m     [0;32mreturn[0m [0mfunc[0m[0;34m([0m[0;34m*[0m[0margs[0m[0;34m,[0m [0;34m**[0m[0mkwargs[0m[0;34m)[0m[0;34m[0m[0;34m[0m[0m
[0m[1;32m    208[0m [0;34m[0m[0m
[1;32m    209[0m [0;34m[0m[0m

[0;32m~/projects/scikit-image/skimage/io/_plugins/tifffile_plugin.py[0m in [0;36mimread[0;34m(fname, **kwargs)[0m
[1;32m     28[0m         [0mkwargs[0m[0;34m[[0m[0;34m'key'[0m[0;34m][0m [0;34m=[0m [0mkwargs[0m[0;34m.[0m[0mpop[0m[0;34m([0m[0;34m'img_num'[0m[0;34m)[0m[0;34m[0m[0;34m[0m[0m
[1;32m     29[0m [0;34m[0m[0m
[0;32m---> 30[0;31m     [0;32mreturn[0m [0mtifffile_imread[0m[0;34m([0m[0mfname[0m[0;34m,[0m [0;34m**[0m[0mkwargs[0m[0;34m)[0m[0;34m[0m[0;34m[0m[0m
[0m
[0;32m~/conda/envs/all/lib/python3.8/site-packages/tifffile/tifffile.py[0m in [0;36mimread[0;34m(files, **kwargs)[0m
[1;32m    706[0m [0;34m[0m[0m
[1;32m    707[0m         [0;32mif[0m [0misinstance[0m[0;34m([0m[0mfiles[0m[0;34m,[0m [0;34m([0m[0mstr[0m[0;34m,[0m [0mos[0m[0;34m.[0m[0mPathLike[0m[0;34m)[0m[0;34m)[0m [0;32mor[0m [0mhasattr[0m[0;34m([0m[0mfiles[0m[0;34m,[0m [0;34m'seek'[0m[0;34m)[0m[0;34m:[0m[0;34m[0m[0;34m[0m[0m
[0;32m--> 708[0;31m             [0;32mwith[0m [0mTiffFile[0m[0;34m([0m[0mfiles[0m[0;34m,[0m [0;34m**[0m[0mkwargs_file[0m[0;34m)[0m [0;32mas[0m [0mtif[0m[0;34m:[0m[0;34m[0m[0;34m[0m[0m
[0m[1;32m    709[0m                 [0;32mreturn[0m [0mtif[0m[0;34m.[0m[0masarray[0m[0;34m([0m[0;34m**[0m[0mkwargs[0m[0;34m)[0m[0;34m[0m[0;34m[0m[0m
[1;32m    710[0m [0;34m[0m[0m

[0;32m~/conda/envs/all/lib/python3.8/site-packages/tifffile/tifffile.py[0m in [0;36m__init__[0;34m(self, arg, name, offset, size, multifile, _useframes, _master, **kwargs)[0m
[1;32m   2409[0m                     [0;32mraise[0m [0mTypeError[0m[0;34m([0m[0;34mf'unexpected keyword argument: {key}'[0m[0;34m)[0m[0;34m[0m[0;34m[0m[0m
[1;32m   2410[0m [0;34m[0m[0m
[0;32m-> 2411[0;31m         [0mfh[0m [0;34m=[0m [0mFileHandle[0m[0;34m([0m[0marg[0m[0;34m,[0m [0mmode[0m[0;34m=[0m[0;34m'rb'[0m[0;34m,[0m [0mname[0m[0;34m=[0m[0mname[0m[0;34m,[0m [0moffset[0m[0;34m=[0m[0moffset[0m[0;34m,[0m [0msize[0m[0;34m=[0m[0msize[0m[0;34m)[0m[0;34m[0m[0;34m[0m[0m
[0m[1;32m   2412[0m         [0mself[0m[0;34m.[0m[0m_fh[0m [0;34m=[0m [0mfh[0m[0;34m[0m[0;34m[0m[0m
[1;32m   2413[0m         [0mself[0m[0;34m.[0m[0m_multifile[0m [0;34m=[0m [0mbool[0m[0;34m([0m[0mmultifile[0m[0;34m)[0m[0;34m[0m[0;34m[0m[0m

[0;32m~/conda/envs/all/lib/python3.8/site-packages/tifffile/tifffile.py[0m in [0;36m__init__[0;34m(self, file, mode, name, offset, size)[0m
[1;32m   7102[0m         [0mself[0m[0;34m.[0m[0mis_file[0m [0;34m=[0m [0;32mFalse[0m[0;34m[0m[0;34m[0m[0m
[1;32m   7103[0m         [0mself[0m[0;34m.[0m[0m_lock[0m [0;34m=[0m [0mNullContext[0m[0;34m([0m[0;34m)[0m[0;34m[0m[0;34m[0m[0m
[0;32m-> 7104[0;31m         [0mself[0m[0;34m.[0m[0mopen[0m[0;34m([0m[0;34m)[0m[0;34m[0m[0;34m[0m[0m
[0m[1;32m   7105[0m [0;34m[0m[0m
[1;32m   7106[0m     [0;32mdef[0m [0mopen[0m[0;34m([0m[0mself[0m[0;34m)[0m[0;34m:[0m[0;34m[0m[0;34m[0m[0m

[0;32m~/conda/envs/all/lib/python3.8/site-packages/tifffile/tifffile.py[0m in [0;36mopen[0;34m(self)[0m
[1;32m   7115[0m             [0mself[0m[0;34m.[0m[0m_file[0m [0;34m=[0m [0mos[0m[0;34m.[0m[0mpath[0m[0;34m.[0m[0mrealpath[0m[0;34m([0m[0mself[0m[0;34m.[0m[0m_file[0m[0;34m)[0m[0;34m[0m[0;34m[0m[0m
[1;32m   7116[0m             [0mself[0m[0;34m.[0m[0m_dir[0m[0;34m,[0m [0mself[0m[0;34m.[0m[0m_name[0m [0;34m=[0m [0mos[0m[0;34m.[0m[0mpath[0m[0;34m.[0m[0msplit[0m[0;34m([0m[0mself[0m[0;34m.[0m[0m_file[0m[0;34m)[0m[0;34m[0m[0;34m[0m[0m
[0;32m-> 7117[0;31m             [0mself[0m[0;34m.[0m[0m_fh[0m [0;34m=[0m [0mopen[0m[0;34m([0m[0mself[0m[0;34m.[0m[0m_file[0m[0;34m,[0m [0mself[0m[0;34m.[0m[0m_mode[0m[0;34m)[0m[0;34m[0m[0;34m[0m[0m
[0m[1;32m   7118[0m             [0mself[0m[0;34m.[0m[0m_close[0m [0;34m=[0m [0;32mTrue[0m[0;34m[0m[0;34m[0m[0m
[1;32m   7119[0m             [0;32mif[0m [0mself[0m[0;34m.[0m[0m_offset[0m [0;32mis[0m [0;32mNone[0m[0;34m:[0m[0;34m[0m[0;34m[0m[0m

[0;31mFileNotFoundError[0m: [Errno 2] No such file or directory: '/Users/jni/projects/i2k-skimage-napari/images/cells.tif'
FileNotFoundError: [Errno 2] No such file or directory: '/Users/jni/projects/i2k-skimage-napari/images/cells.tif'

